[14-Aug-2022 16:42:51 UTC] PHP Fatal error:  Uncaught Error: Call to undefined method Composer\Console\Application::areExceptionsCaught() in phar:///Applications/Local.app/Contents/Resources/extraResources/bin/composer/composer.phar/src/Composer/Console/Application.php:422
Stack trace:
#0 phar:///Applications/Local.app/Contents/Resources/extraResources/bin/composer/composer.phar/src/Composer/Command/BaseCommand.php(63): Composer\Console\Application->getComposer(true, false)
#1 phar:///Applications/Local.app/Contents/Resources/extraResources/bin/composer/composer.phar/src/Composer/Command/InstallCommand.php(96): Composer\Command\BaseCommand->getComposer(true, false)
#2 phar:///Applications/Local.app/Contents/Resources/extraResources/bin/composer/composer.phar/vendor/symfony/console/Command/Command.php(245): Composer\Command\InstallCommand->execute(Object(Symfony\Component\Console\Input\ArgvInput), Object(Symfony\Component\Console\Output\ConsoleOutput))
#3 phar:///Applications/Local.app/Contents/Resources/extraResources/bin/composer/composer.phar/vendor/s in phar:///Applications/Local.app/Contents/Resources/extraResources/bin/composer/composer.phar/src/Composer/Console/Application.php on line 422
[14-Aug-2022 17:00:22 UTC] PHP Fatal error:  Uncaught Error: Call to undefined method Composer\Console\Application::areExceptionsCaught() in phar:///Applications/Local.app/Contents/Resources/extraResources/bin/composer/composer.phar/src/Composer/Console/Application.php:422
Stack trace:
#0 phar:///Applications/Local.app/Contents/Resources/extraResources/bin/composer/composer.phar/src/Composer/Command/BaseCommand.php(63): Composer\Console\Application->getComposer(true, false)
#1 phar:///Applications/Local.app/Contents/Resources/extraResources/bin/composer/composer.phar/src/Composer/Command/InstallCommand.php(96): Composer\Command\BaseCommand->getComposer(true, false)
#2 phar:///Applications/Local.app/Contents/Resources/extraResources/bin/composer/composer.phar/vendor/symfony/console/Command/Command.php(245): Composer\Command\InstallCommand->execute(Object(Symfony\Component\Console\Input\ArgvInput), Object(Symfony\Component\Console\Output\ConsoleOutput))
#3 phar:///Applications/Local.app/Contents/Resources/extraResources/bin/composer/composer.phar/vendor/s in phar:///Applications/Local.app/Contents/Resources/extraResources/bin/composer/composer.phar/src/Composer/Console/Application.php on line 422
[14-Aug-2022 17:05:57 UTC] PHP Fatal error:  Uncaught Roots\Acorn\Assets\Contracts\ManifestNotFoundException: The manifest [/Users/sohaildangol/Desktop/Projects/Wordpress/wppractice2/app/public/wp-content/themes/sage10/public/manifest.json] cannot be found. in /Users/sohaildangol/Desktop/Projects/Wordpress/wppractice2/app/public/wp-content/mu-plugins/src/Roots/Acorn/Assets/Manager.php:133
Stack trace:
#0 /Users/sohaildangol/Desktop/Projects/Wordpress/wppractice2/app/public/wp-content/mu-plugins/src/Roots/Acorn/Assets/Manager.php(101): Roots\Acorn\Assets\Manager->getJsonManifest('/Users/sohailda...')
#1 /Users/sohaildangol/Desktop/Projects/Wordpress/wppractice2/app/public/wp-content/mu-plugins/src/Roots/Acorn/Assets/Manager.php(76): Roots\Acorn\Assets\Manager->resolve('theme', Array)
#2 /Users/sohaildangol/Desktop/Projects/Wordpress/wppractice2/app/public/wp-content/mu-plugins/src/Roots/Acorn/Assets/AssetsServiceProvider.php(22): Roots\Acorn\Assets\Manager->manifest('theme')
#3 /Users/sohaildangol/Desktop/Projects/Wordpress/wppractice2/app/public/wp-cont in /Users/sohaildangol/Desktop/Projects/Wordpress/wppractice2/app/public/wp-content/mu-plugins/src/Roots/Acorn/Assets/Manager.php on line 133
[14-Aug-2022 17:06:07 UTC] PHP Fatal error:  Uncaught Roots\Acorn\Assets\Contracts\ManifestNotFoundException: The manifest [/Users/sohaildangol/Desktop/Projects/Wordpress/wppractice2/app/public/wp-content/themes/sage10/public/manifest.json] cannot be found. in /Users/sohaildangol/Desktop/Projects/Wordpress/wppractice2/app/public/wp-content/mu-plugins/src/Roots/Acorn/Assets/Manager.php:133
Stack trace:
#0 /Users/sohaildangol/Desktop/Projects/Wordpress/wppractice2/app/public/wp-content/mu-plugins/src/Roots/Acorn/Assets/Manager.php(101): Roots\Acorn\Assets\Manager->getJsonManifest('/Users/sohailda...')
#1 /Users/sohaildangol/Desktop/Projects/Wordpress/wppractice2/app/public/wp-content/mu-plugins/src/Roots/Acorn/Assets/Manager.php(76): Roots\Acorn\Assets\Manager->resolve('theme', Array)
#2 /Users/sohaildangol/Desktop/Projects/Wordpress/wppractice2/app/public/wp-content/mu-plugins/src/Roots/Acorn/Assets/AssetsServiceProvider.php(22): Roots\Acorn\Assets\Manager->manifest('theme')
#3 /Users/sohaildangol/Desktop/Projects/Wordpress/wppractice2/app/public/wp-cont in /Users/sohaildangol/Desktop/Projects/Wordpress/wppractice2/app/public/wp-content/mu-plugins/src/Roots/Acorn/Assets/Manager.php on line 133
[21-Aug-2022 14:08:07 UTC] PHP Fatal error:  Uncaught Roots\Acorn\Assets\Contracts\ManifestNotFoundException: The manifest [/Users/sohaildangol/Desktop/Projects/Wordpress/wppractice2/app/public/wp-content/themes/sage10/public/entrypoints.json] cannot be found. in /Users/sohaildangol/Desktop/Projects/Wordpress/wppractice2/app/public/wp-content/mu-plugins/src/Roots/Acorn/Assets/Manager.php:133
Stack trace:
#0 /Users/sohaildangol/Desktop/Projects/Wordpress/wppractice2/app/public/wp-content/mu-plugins/src/Roots/Acorn/Assets/Manager.php(102): Roots\Acorn\Assets\Manager->getJsonManifest('/Users/sohailda...')
#1 /Users/sohaildangol/Desktop/Projects/Wordpress/wppractice2/app/public/wp-content/mu-plugins/src/Roots/Acorn/Assets/Manager.php(76): Roots\Acorn\Assets\Manager->resolve('theme', Array)
#2 /Users/sohaildangol/Desktop/Projects/Wordpress/wppractice2/app/public/wp-content/mu-plugins/src/Roots/Acorn/Assets/AssetsServiceProvider.php(22): Roots\Acorn\Assets\Manager->manifest('theme')
#3 /Users/sohaildangol/Desktop/Projects/Wordpress/wppractice2/app/public/wp-c in /Users/sohaildangol/Desktop/Projects/Wordpress/wppractice2/app/public/wp-content/mu-plugins/src/Roots/Acorn/Assets/Manager.php on line 133
[21-Aug-2022 14:08:11 UTC] PHP Fatal error:  Uncaught Roots\Acorn\Assets\Contracts\ManifestNotFoundException: The manifest [/Users/sohaildangol/Desktop/Projects/Wordpress/wppractice2/app/public/wp-content/themes/sage10/public/entrypoints.json] cannot be found. in /Users/sohaildangol/Desktop/Projects/Wordpress/wppractice2/app/public/wp-content/mu-plugins/src/Roots/Acorn/Assets/Manager.php:133
Stack trace:
#0 /Users/sohaildangol/Desktop/Projects/Wordpress/wppractice2/app/public/wp-content/mu-plugins/src/Roots/Acorn/Assets/Manager.php(102): Roots\Acorn\Assets\Manager->getJsonManifest('/Users/sohailda...')
#1 /Users/sohaildangol/Desktop/Projects/Wordpress/wppractice2/app/public/wp-content/mu-plugins/src/Roots/Acorn/Assets/Manager.php(76): Roots\Acorn\Assets\Manager->resolve('theme', Array)
#2 /Users/sohaildangol/Desktop/Projects/Wordpress/wppractice2/app/public/wp-content/mu-plugins/src/Roots/Acorn/Assets/AssetsServiceProvider.php(22): Roots\Acorn\Assets\Manager->manifest('theme')
#3 /Users/sohaildangol/Desktop/Projects/Wordpress/wppractice2/app/public/wp-c in /Users/sohaildangol/Desktop/Projects/Wordpress/wppractice2/app/public/wp-content/mu-plugins/src/Roots/Acorn/Assets/Manager.php on line 133
[21-Aug-2022 14:09:01 UTC] PHP Fatal error:  Uncaught Roots\Acorn\Assets\Contracts\ManifestNotFoundException: The manifest [/Users/sohaildangol/Desktop/Projects/Wordpress/wppractice2/app/public/wp-content/themes/sage10/public/entrypoints.json] cannot be found. in /Users/sohaildangol/Desktop/Projects/Wordpress/wppractice2/app/public/wp-content/mu-plugins/src/Roots/Acorn/Assets/Manager.php:133
Stack trace:
#0 /Users/sohaildangol/Desktop/Projects/Wordpress/wppractice2/app/public/wp-content/mu-plugins/src/Roots/Acorn/Assets/Manager.php(102): Roots\Acorn\Assets\Manager->getJsonManifest('/Users/sohailda...')
#1 /Users/sohaildangol/Desktop/Projects/Wordpress/wppractice2/app/public/wp-content/mu-plugins/src/Roots/Acorn/Assets/Manager.php(76): Roots\Acorn\Assets\Manager->resolve('theme', Array)
#2 /Users/sohaildangol/Desktop/Projects/Wordpress/wppractice2/app/public/wp-content/mu-plugins/src/Roots/Acorn/Assets/AssetsServiceProvider.php(22): Roots\Acorn\Assets\Manager->manifest('theme')
#3 /Users/sohaildangol/Desktop/Projects/Wordpress/wppractice2/app/public/wp-c in /Users/sohaildangol/Desktop/Projects/Wordpress/wppractice2/app/public/wp-content/mu-plugins/src/Roots/Acorn/Assets/Manager.php on line 133
[21-Aug-2022 14:09:02 UTC] PHP Fatal error:  Uncaught Roots\Acorn\Assets\Contracts\ManifestNotFoundException: The manifest [/Users/sohaildangol/Desktop/Projects/Wordpress/wppractice2/app/public/wp-content/themes/sage10/public/entrypoints.json] cannot be found. in /Users/sohaildangol/Desktop/Projects/Wordpress/wppractice2/app/public/wp-content/mu-plugins/src/Roots/Acorn/Assets/Manager.php:133
Stack trace:
#0 /Users/sohaildangol/Desktop/Projects/Wordpress/wppractice2/app/public/wp-content/mu-plugins/src/Roots/Acorn/Assets/Manager.php(102): Roots\Acorn\Assets\Manager->getJsonManifest('/Users/sohailda...')
#1 /Users/sohaildangol/Desktop/Projects/Wordpress/wppractice2/app/public/wp-content/mu-plugins/src/Roots/Acorn/Assets/Manager.php(76): Roots\Acorn\Assets\Manager->resolve('theme', Array)
#2 /Users/sohaildangol/Desktop/Projects/Wordpress/wppractice2/app/public/wp-content/mu-plugins/src/Roots/Acorn/Assets/AssetsServiceProvider.php(22): Roots\Acorn\Assets\Manager->manifest('theme')
#3 /Users/sohaildangol/Desktop/Projects/Wordpress/wppractice2/app/public/wp-c in /Users/sohaildangol/Desktop/Projects/Wordpress/wppractice2/app/public/wp-content/mu-plugins/src/Roots/Acorn/Assets/Manager.php on line 133
[21-Aug-2022 14:09:06 UTC] PHP Fatal error:  Uncaught Roots\Acorn\Assets\Contracts\ManifestNotFoundException: The manifest [/Users/sohaildangol/Desktop/Projects/Wordpress/wppractice2/app/public/wp-content/themes/sage10/public/entrypoints.json] cannot be found. in /Users/sohaildangol/Desktop/Projects/Wordpress/wppractice2/app/public/wp-content/mu-plugins/src/Roots/Acorn/Assets/Manager.php:133
Stack trace:
#0 /Users/sohaildangol/Desktop/Projects/Wordpress/wppractice2/app/public/wp-content/mu-plugins/src/Roots/Acorn/Assets/Manager.php(102): Roots\Acorn\Assets\Manager->getJsonManifest('/Users/sohailda...')
#1 /Users/sohaildangol/Desktop/Projects/Wordpress/wppractice2/app/public/wp-content/mu-plugins/src/Roots/Acorn/Assets/Manager.php(76): Roots\Acorn\Assets\Manager->resolve('theme', Array)
#2 /Users/sohaildangol/Desktop/Projects/Wordpress/wppractice2/app/public/wp-content/mu-plugins/src/Roots/Acorn/Assets/AssetsServiceProvider.php(22): Roots\Acorn\Assets\Manager->manifest('theme')
#3 /Users/sohaildangol/Desktop/Projects/Wordpress/wppractice2/app/public/wp-c in /Users/sohaildangol/Desktop/Projects/Wordpress/wppractice2/app/public/wp-content/mu-plugins/src/Roots/Acorn/Assets/Manager.php on line 133
[21-Aug-2022 14:09:49 UTC] PHP Fatal error:  Uncaught Roots\Acorn\Assets\Contracts\ManifestNotFoundException: The manifest [/Users/sohaildangol/Desktop/Projects/Wordpress/wppractice2/app/public/wp-content/themes/sage10/public/entrypoints.json] cannot be found. in /Users/sohaildangol/Desktop/Projects/Wordpress/wppractice2/app/public/wp-content/mu-plugins/src/Roots/Acorn/Assets/Manager.php:133
Stack trace:
#0 /Users/sohaildangol/Desktop/Projects/Wordpress/wppractice2/app/public/wp-content/mu-plugins/src/Roots/Acorn/Assets/Manager.php(102): Roots\Acorn\Assets\Manager->getJsonManifest('/Users/sohailda...')
#1 /Users/sohaildangol/Desktop/Projects/Wordpress/wppractice2/app/public/wp-content/mu-plugins/src/Roots/Acorn/Assets/Manager.php(76): Roots\Acorn\Assets\Manager->resolve('theme', Array)
#2 /Users/sohaildangol/Desktop/Projects/Wordpress/wppractice2/app/public/wp-content/mu-plugins/src/Roots/Acorn/Assets/AssetsServiceProvider.php(22): Roots\Acorn\Assets\Manager->manifest('theme')
#3 /Users/sohaildangol/Desktop/Projects/Wordpress/wppractice2/app/public/wp-c in /Users/sohaildangol/Desktop/Projects/Wordpress/wppractice2/app/public/wp-content/mu-plugins/src/Roots/Acorn/Assets/Manager.php on line 133
[21-Aug-2022 14:09:50 UTC] PHP Fatal error:  Uncaught Roots\Acorn\Assets\Contracts\ManifestNotFoundException: The manifest [/Users/sohaildangol/Desktop/Projects/Wordpress/wppractice2/app/public/wp-content/themes/sage10/public/entrypoints.json] cannot be found. in /Users/sohaildangol/Desktop/Projects/Wordpress/wppractice2/app/public/wp-content/mu-plugins/src/Roots/Acorn/Assets/Manager.php:133
Stack trace:
#0 /Users/sohaildangol/Desktop/Projects/Wordpress/wppractice2/app/public/wp-content/mu-plugins/src/Roots/Acorn/Assets/Manager.php(102): Roots\Acorn\Assets\Manager->getJsonManifest('/Users/sohailda...')
#1 /Users/sohaildangol/Desktop/Projects/Wordpress/wppractice2/app/public/wp-content/mu-plugins/src/Roots/Acorn/Assets/Manager.php(76): Roots\Acorn\Assets\Manager->resolve('theme', Array)
#2 /Users/sohaildangol/Desktop/Projects/Wordpress/wppractice2/app/public/wp-content/mu-plugins/src/Roots/Acorn/Assets/AssetsServiceProvider.php(22): Roots\Acorn\Assets\Manager->manifest('theme')
#3 /Users/sohaildangol/Desktop/Projects/Wordpress/wppractice2/app/public/wp-c in /Users/sohaildangol/Desktop/Projects/Wordpress/wppractice2/app/public/wp-content/mu-plugins/src/Roots/Acorn/Assets/Manager.php on line 133
[21-Aug-2022 14:09:51 UTC] PHP Fatal error:  Uncaught Roots\Acorn\Assets\Contracts\ManifestNotFoundException: The manifest [/Users/sohaildangol/Desktop/Projects/Wordpress/wppractice2/app/public/wp-content/themes/sage10/public/entrypoints.json] cannot be found. in /Users/sohaildangol/Desktop/Projects/Wordpress/wppractice2/app/public/wp-content/mu-plugins/src/Roots/Acorn/Assets/Manager.php:133
Stack trace:
#0 /Users/sohaildangol/Desktop/Projects/Wordpress/wppractice2/app/public/wp-content/mu-plugins/src/Roots/Acorn/Assets/Manager.php(102): Roots\Acorn\Assets\Manager->getJsonManifest('/Users/sohailda...')
#1 /Users/sohaildangol/Desktop/Projects/Wordpress/wppractice2/app/public/wp-content/mu-plugins/src/Roots/Acorn/Assets/Manager.php(76): Roots\Acorn\Assets\Manager->resolve('theme', Array)
#2 /Users/sohaildangol/Desktop/Projects/Wordpress/wppractice2/app/public/wp-content/mu-plugins/src/Roots/Acorn/Assets/AssetsServiceProvider.php(22): Roots\Acorn\Assets\Manager->manifest('theme')
#3 /Users/sohaildangol/Desktop/Projects/Wordpress/wppractice2/app/public/wp-c in /Users/sohaildangol/Desktop/Projects/Wordpress/wppractice2/app/public/wp-content/mu-plugins/src/Roots/Acorn/Assets/Manager.php on line 133
[21-Aug-2022 14:09:51 UTC] PHP Fatal error:  Uncaught Roots\Acorn\Assets\Contracts\ManifestNotFoundException: The manifest [/Users/sohaildangol/Desktop/Projects/Wordpress/wppractice2/app/public/wp-content/themes/sage10/public/entrypoints.json] cannot be found. in /Users/sohaildangol/Desktop/Projects/Wordpress/wppractice2/app/public/wp-content/mu-plugins/src/Roots/Acorn/Assets/Manager.php:133
Stack trace:
#0 /Users/sohaildangol/Desktop/Projects/Wordpress/wppractice2/app/public/wp-content/mu-plugins/src/Roots/Acorn/Assets/Manager.php(102): Roots\Acorn\Assets\Manager->getJsonManifest('/Users/sohailda...')
#1 /Users/sohaildangol/Desktop/Projects/Wordpress/wppractice2/app/public/wp-content/mu-plugins/src/Roots/Acorn/Assets/Manager.php(76): Roots\Acorn\Assets\Manager->resolve('theme', Array)
#2 /Users/sohaildangol/Desktop/Projects/Wordpress/wppractice2/app/public/wp-content/mu-plugins/src/Roots/Acorn/Assets/AssetsServiceProvider.php(22): Roots\Acorn\Assets\Manager->manifest('theme')
#3 /Users/sohaildangol/Desktop/Projects/Wordpress/wppractice2/app/public/wp-c in /Users/sohaildangol/Desktop/Projects/Wordpress/wppractice2/app/public/wp-content/mu-plugins/src/Roots/Acorn/Assets/Manager.php on line 133
[21-Aug-2022 14:09:51 UTC] PHP Fatal error:  Uncaught Roots\Acorn\Assets\Contracts\ManifestNotFoundException: The manifest [/Users/sohaildangol/Desktop/Projects/Wordpress/wppractice2/app/public/wp-content/themes/sage10/public/entrypoints.json] cannot be found. in /Users/sohaildangol/Desktop/Projects/Wordpress/wppractice2/app/public/wp-content/mu-plugins/src/Roots/Acorn/Assets/Manager.php:133
Stack trace:
#0 /Users/sohaildangol/Desktop/Projects/Wordpress/wppractice2/app/public/wp-content/mu-plugins/src/Roots/Acorn/Assets/Manager.php(102): Roots\Acorn\Assets\Manager->getJsonManifest('/Users/sohailda...')
#1 /Users/sohaildangol/Desktop/Projects/Wordpress/wppractice2/app/public/wp-content/mu-plugins/src/Roots/Acorn/Assets/Manager.php(76): Roots\Acorn\Assets\Manager->resolve('theme', Array)
#2 /Users/sohaildangol/Desktop/Projects/Wordpress/wppractice2/app/public/wp-content/mu-plugins/src/Roots/Acorn/Assets/AssetsServiceProvider.php(22): Roots\Acorn\Assets\Manager->manifest('theme')
#3 /Users/sohaildangol/Desktop/Projects/Wordpress/wppractice2/app/public/wp-c in /Users/sohaildangol/Desktop/Projects/Wordpress/wppractice2/app/public/wp-content/mu-plugins/src/Roots/Acorn/Assets/Manager.php on line 133
[21-Aug-2022 14:09:51 UTC] PHP Fatal error:  Uncaught Roots\Acorn\Assets\Contracts\ManifestNotFoundException: The manifest [/Users/sohaildangol/Desktop/Projects/Wordpress/wppractice2/app/public/wp-content/themes/sage10/public/entrypoints.json] cannot be found. in /Users/sohaildangol/Desktop/Projects/Wordpress/wppractice2/app/public/wp-content/mu-plugins/src/Roots/Acorn/Assets/Manager.php:133
Stack trace:
#0 /Users/sohaildangol/Desktop/Projects/Wordpress/wppractice2/app/public/wp-content/mu-plugins/src/Roots/Acorn/Assets/Manager.php(102): Roots\Acorn\Assets\Manager->getJsonManifest('/Users/sohailda...')
#1 /Users/sohaildangol/Desktop/Projects/Wordpress/wppractice2/app/public/wp-content/mu-plugins/src/Roots/Acorn/Assets/Manager.php(76): Roots\Acorn\Assets\Manager->resolve('theme', Array)
#2 /Users/sohaildangol/Desktop/Projects/Wordpress/wppractice2/app/public/wp-content/mu-plugins/src/Roots/Acorn/Assets/AssetsServiceProvider.php(22): Roots\Acorn\Assets\Manager->manifest('theme')
#3 /Users/sohaildangol/Desktop/Projects/Wordpress/wppractice2/app/public/wp-c in /Users/sohaildangol/Desktop/Projects/Wordpress/wppractice2/app/public/wp-content/mu-plugins/src/Roots/Acorn/Assets/Manager.php on line 133
[21-Aug-2022 14:09:51 UTC] PHP Fatal error:  Uncaught Roots\Acorn\Assets\Contracts\ManifestNotFoundException: The manifest [/Users/sohaildangol/Desktop/Projects/Wordpress/wppractice2/app/public/wp-content/themes/sage10/public/entrypoints.json] cannot be found. in /Users/sohaildangol/Desktop/Projects/Wordpress/wppractice2/app/public/wp-content/mu-plugins/src/Roots/Acorn/Assets/Manager.php:133
Stack trace:
#0 /Users/sohaildangol/Desktop/Projects/Wordpress/wppractice2/app/public/wp-content/mu-plugins/src/Roots/Acorn/Assets/Manager.php(102): Roots\Acorn\Assets\Manager->getJsonManifest('/Users/sohailda...')
#1 /Users/sohaildangol/Desktop/Projects/Wordpress/wppractice2/app/public/wp-content/mu-plugins/src/Roots/Acorn/Assets/Manager.php(76): Roots\Acorn\Assets\Manager->resolve('theme', Array)
#2 /Users/sohaildangol/Desktop/Projects/Wordpress/wppractice2/app/public/wp-content/mu-plugins/src/Roots/Acorn/Assets/AssetsServiceProvider.php(22): Roots\Acorn\Assets\Manager->manifest('theme')
#3 /Users/sohaildangol/Desktop/Projects/Wordpress/wppractice2/app/public/wp-c in /Users/sohaildangol/Desktop/Projects/Wordpress/wppractice2/app/public/wp-content/mu-plugins/src/Roots/Acorn/Assets/Manager.php on line 133
[21-Aug-2022 14:10:00 UTC] PHP Fatal error:  Uncaught Roots\Acorn\Assets\Contracts\ManifestNotFoundException: The manifest [/Users/sohaildangol/Desktop/Projects/Wordpress/wppractice2/app/public/wp-content/themes/sage10/public/entrypoints.json] cannot be found. in /Users/sohaildangol/Desktop/Projects/Wordpress/wppractice2/app/public/wp-content/mu-plugins/src/Roots/Acorn/Assets/Manager.php:133
Stack trace:
#0 /Users/sohaildangol/Desktop/Projects/Wordpress/wppractice2/app/public/wp-content/mu-plugins/src/Roots/Acorn/Assets/Manager.php(102): Roots\Acorn\Assets\Manager->getJsonManifest('/Users/sohailda...')
#1 /Users/sohaildangol/Desktop/Projects/Wordpress/wppractice2/app/public/wp-content/mu-plugins/src/Roots/Acorn/Assets/Manager.php(76): Roots\Acorn\Assets\Manager->resolve('theme', Array)
#2 /Users/sohaildangol/Desktop/Projects/Wordpress/wppractice2/app/public/wp-content/mu-plugins/src/Roots/Acorn/Assets/AssetsServiceProvider.php(22): Roots\Acorn\Assets\Manager->manifest('theme')
#3 /Users/sohaildangol/Desktop/Projects/Wordpress/wppractice2/app/public/wp-c in /Users/sohaildangol/Desktop/Projects/Wordpress/wppractice2/app/public/wp-content/mu-plugins/src/Roots/Acorn/Assets/Manager.php on line 133
[22-Aug-2022 12:30:17 UTC] PHP Fatal error:  Uncaught Roots\Acorn\Assets\Contracts\ManifestNotFoundException: The manifest [/Users/sohaildangol/Desktop/Projects/Wordpress/wppractice2/app/public/wp-content/themes/sage10/public/entrypoints.json] cannot be found. in /Users/sohaildangol/Desktop/Projects/Wordpress/wppractice2/app/public/wp-content/mu-plugins/src/Roots/Acorn/Assets/Manager.php:133
Stack trace:
#0 /Users/sohaildangol/Desktop/Projects/Wordpress/wppractice2/app/public/wp-content/mu-plugins/src/Roots/Acorn/Assets/Manager.php(102): Roots\Acorn\Assets\Manager->getJsonManifest('/Users/sohailda...')
#1 /Users/sohaildangol/Desktop/Projects/Wordpress/wppractice2/app/public/wp-content/mu-plugins/src/Roots/Acorn/Assets/Manager.php(76): Roots\Acorn\Assets\Manager->resolve('theme', Array)
#2 /Users/sohaildangol/Desktop/Projects/Wordpress/wppractice2/app/public/wp-content/mu-plugins/src/Roots/Acorn/Assets/AssetsServiceProvider.php(22): Roots\Acorn\Assets\Manager->manifest('theme')
#3 /Users/sohaildangol/Desktop/Projects/Wordpress/wppractice2/app/public/wp-c in /Users/sohaildangol/Desktop/Projects/Wordpress/wppractice2/app/public/wp-content/mu-plugins/src/Roots/Acorn/Assets/Manager.php on line 133
[22-Aug-2022 12:30:17 UTC] PHP Fatal error:  Uncaught Roots\Acorn\Assets\Contracts\ManifestNotFoundException: The manifest [/Users/sohaildangol/Desktop/Projects/Wordpress/wppractice2/app/public/wp-content/themes/sage10/public/entrypoints.json] cannot be found. in /Users/sohaildangol/Desktop/Projects/Wordpress/wppractice2/app/public/wp-content/mu-plugins/src/Roots/Acorn/Assets/Manager.php:133
Stack trace:
#0 /Users/sohaildangol/Desktop/Projects/Wordpress/wppractice2/app/public/wp-content/mu-plugins/src/Roots/Acorn/Assets/Manager.php(102): Roots\Acorn\Assets\Manager->getJsonManifest('/Users/sohailda...')
#1 /Users/sohaildangol/Desktop/Projects/Wordpress/wppractice2/app/public/wp-content/mu-plugins/src/Roots/Acorn/Assets/Manager.php(76): Roots\Acorn\Assets\Manager->resolve('theme', Array)
#2 /Users/sohaildangol/Desktop/Projects/Wordpress/wppractice2/app/public/wp-content/mu-plugins/src/Roots/Acorn/Assets/AssetsServiceProvider.php(22): Roots\Acorn\Assets\Manager->manifest('theme')
#3 /Users/sohaildangol/Desktop/Projects/Wordpress/wppractice2/app/public/wp-c in /Users/sohaildangol/Desktop/Projects/Wordpress/wppractice2/app/public/wp-content/mu-plugins/src/Roots/Acorn/Assets/Manager.php on line 133
[22-Aug-2022 13:03:02 UTC] PHP Fatal error:  Uncaught Roots\Acorn\Assets\Contracts\ManifestNotFoundException: The manifest [/Users/sohaildangol/Desktop/Projects/Wordpress/wppractice2/app/public/wp-content/themes/sage10/public/manifest.json] cannot be found. in /Users/sohaildangol/Desktop/Projects/Wordpress/wppractice2/app/public/wp-content/mu-plugins/src/Roots/Acorn/Assets/Manager.php:133
Stack trace:
#0 /Users/sohaildangol/Desktop/Projects/Wordpress/wppractice2/app/public/wp-content/mu-plugins/src/Roots/Acorn/Assets/Manager.php(101): Roots\Acorn\Assets\Manager->getJsonManifest('/Users/sohailda...')
#1 /Users/sohaildangol/Desktop/Projects/Wordpress/wppractice2/app/public/wp-content/mu-plugins/src/Roots/Acorn/Assets/Manager.php(76): Roots\Acorn\Assets\Manager->resolve('theme', Array)
#2 /Users/sohaildangol/Desktop/Projects/Wordpress/wppractice2/app/public/wp-content/mu-plugins/src/Roots/Acorn/Assets/AssetsServiceProvider.php(22): Roots\Acorn\Assets\Manager->manifest('theme')
#3 /Users/sohaildangol/Desktop/Projects/Wordpress/wppractice2/app/public/wp-cont in /Users/sohaildangol/Desktop/Projects/Wordpress/wppractice2/app/public/wp-content/mu-plugins/src/Roots/Acorn/Assets/Manager.php on line 133
[22-Aug-2022 13:04:18 UTC] PHP Fatal error:  Uncaught Roots\Acorn\Assets\Contracts\ManifestNotFoundException: The manifest [/Users/sohaildangol/Desktop/Projects/Wordpress/wppractice2/app/public/wp-content/themes/sage10/public/entrypoints.json] cannot be found. in /Users/sohaildangol/Desktop/Projects/Wordpress/wppractice2/app/public/wp-content/mu-plugins/src/Roots/Acorn/Assets/Manager.php:133
Stack trace:
#0 /Users/sohaildangol/Desktop/Projects/Wordpress/wppractice2/app/public/wp-content/mu-plugins/src/Roots/Acorn/Assets/Manager.php(102): Roots\Acorn\Assets\Manager->getJsonManifest('/Users/sohailda...')
#1 /Users/sohaildangol/Desktop/Projects/Wordpress/wppractice2/app/public/wp-content/mu-plugins/src/Roots/Acorn/Assets/Manager.php(76): Roots\Acorn\Assets\Manager->resolve('theme', Array)
#2 /Users/sohaildangol/Desktop/Projects/Wordpress/wppractice2/app/public/wp-content/mu-plugins/src/Roots/Acorn/Assets/AssetsServiceProvider.php(22): Roots\Acorn\Assets\Manager->manifest('theme')
#3 /Users/sohaildangol/Desktop/Projects/Wordpress/wppractice2/app/public/wp-c in /Users/sohaildangol/Desktop/Projects/Wordpress/wppractice2/app/public/wp-content/mu-plugins/src/Roots/Acorn/Assets/Manager.php on line 133
[22-Aug-2022 13:04:19 UTC] PHP Fatal error:  Uncaught Roots\Acorn\Assets\Contracts\ManifestNotFoundException: The manifest [/Users/sohaildangol/Desktop/Projects/Wordpress/wppractice2/app/public/wp-content/themes/sage10/public/entrypoints.json] cannot be found. in /Users/sohaildangol/Desktop/Projects/Wordpress/wppractice2/app/public/wp-content/mu-plugins/src/Roots/Acorn/Assets/Manager.php:133
Stack trace:
#0 /Users/sohaildangol/Desktop/Projects/Wordpress/wppractice2/app/public/wp-content/mu-plugins/src/Roots/Acorn/Assets/Manager.php(102): Roots\Acorn\Assets\Manager->getJsonManifest('/Users/sohailda...')
#1 /Users/sohaildangol/Desktop/Projects/Wordpress/wppractice2/app/public/wp-content/mu-plugins/src/Roots/Acorn/Assets/Manager.php(76): Roots\Acorn\Assets\Manager->resolve('theme', Array)
#2 /Users/sohaildangol/Desktop/Projects/Wordpress/wppractice2/app/public/wp-content/mu-plugins/src/Roots/Acorn/Assets/AssetsServiceProvider.php(22): Roots\Acorn\Assets\Manager->manifest('theme')
#3 /Users/sohaildangol/Desktop/Projects/Wordpress/wppractice2/app/public/wp-c in /Users/sohaildangol/Desktop/Projects/Wordpress/wppractice2/app/public/wp-content/mu-plugins/src/Roots/Acorn/Assets/Manager.php on line 133
[22-Aug-2022 13:04:19 UTC] PHP Fatal error:  Uncaught Roots\Acorn\Assets\Contracts\ManifestNotFoundException: The manifest [/Users/sohaildangol/Desktop/Projects/Wordpress/wppractice2/app/public/wp-content/themes/sage10/public/entrypoints.json] cannot be found. in /Users/sohaildangol/Desktop/Projects/Wordpress/wppractice2/app/public/wp-content/mu-plugins/src/Roots/Acorn/Assets/Manager.php:133
Stack trace:
#0 /Users/sohaildangol/Desktop/Projects/Wordpress/wppractice2/app/public/wp-content/mu-plugins/src/Roots/Acorn/Assets/Manager.php(102): Roots\Acorn\Assets\Manager->getJsonManifest('/Users/sohailda...')
#1 /Users/sohaildangol/Desktop/Projects/Wordpress/wppractice2/app/public/wp-content/mu-plugins/src/Roots/Acorn/Assets/Manager.php(76): Roots\Acorn\Assets\Manager->resolve('theme', Array)
#2 /Users/sohaildangol/Desktop/Projects/Wordpress/wppractice2/app/public/wp-content/mu-plugins/src/Roots/Acorn/Assets/AssetsServiceProvider.php(22): Roots\Acorn\Assets\Manager->manifest('theme')
#3 /Users/sohaildangol/Desktop/Projects/Wordpress/wppractice2/app/public/wp-c in /Users/sohaildangol/Desktop/Projects/Wordpress/wppractice2/app/public/wp-content/mu-plugins/src/Roots/Acorn/Assets/Manager.php on line 133
[22-Aug-2022 13:04:20 UTC] PHP Fatal error:  Uncaught Roots\Acorn\Assets\Contracts\ManifestNotFoundException: The manifest [/Users/sohaildangol/Desktop/Projects/Wordpress/wppractice2/app/public/wp-content/themes/sage10/public/entrypoints.json] cannot be found. in /Users/sohaildangol/Desktop/Projects/Wordpress/wppractice2/app/public/wp-content/mu-plugins/src/Roots/Acorn/Assets/Manager.php:133
Stack trace:
#0 /Users/sohaildangol/Desktop/Projects/Wordpress/wppractice2/app/public/wp-content/mu-plugins/src/Roots/Acorn/Assets/Manager.php(102): Roots\Acorn\Assets\Manager->getJsonManifest('/Users/sohailda...')
#1 /Users/sohaildangol/Desktop/Projects/Wordpress/wppractice2/app/public/wp-content/mu-plugins/src/Roots/Acorn/Assets/Manager.php(76): Roots\Acorn\Assets\Manager->resolve('theme', Array)
#2 /Users/sohaildangol/Desktop/Projects/Wordpress/wppractice2/app/public/wp-content/mu-plugins/src/Roots/Acorn/Assets/AssetsServiceProvider.php(22): Roots\Acorn\Assets\Manager->manifest('theme')
#3 /Users/sohaildangol/Desktop/Projects/Wordpress/wppractice2/app/public/wp-c in /Users/sohaildangol/Desktop/Projects/Wordpress/wppractice2/app/public/wp-content/mu-plugins/src/Roots/Acorn/Assets/Manager.php on line 133
[22-Aug-2022 13:05:43 UTC] PHP Fatal error:  Uncaught Roots\Acorn\Assets\Contracts\ManifestNotFoundException: The manifest [/Users/sohaildangol/Desktop/Projects/Wordpress/wppractice2/app/public/wp-content/themes/sage10/public/entrypoints.json] cannot be found. in /Users/sohaildangol/Desktop/Projects/Wordpress/wppractice2/app/public/wp-content/mu-plugins/src/Roots/Acorn/Assets/Manager.php:133
Stack trace:
#0 /Users/sohaildangol/Desktop/Projects/Wordpress/wppractice2/app/public/wp-content/mu-plugins/src/Roots/Acorn/Assets/Manager.php(102): Roots\Acorn\Assets\Manager->getJsonManifest('/Users/sohailda...')
#1 /Users/sohaildangol/Desktop/Projects/Wordpress/wppractice2/app/public/wp-content/mu-plugins/src/Roots/Acorn/Assets/Manager.php(76): Roots\Acorn\Assets\Manager->resolve('theme', Array)
#2 /Users/sohaildangol/Desktop/Projects/Wordpress/wppractice2/app/public/wp-content/mu-plugins/src/Roots/Acorn/Assets/AssetsServiceProvider.php(22): Roots\Acorn\Assets\Manager->manifest('theme')
#3 /Users/sohaildangol/Desktop/Projects/Wordpress/wppractice2/app/public/wp-c in /Users/sohaildangol/Desktop/Projects/Wordpress/wppractice2/app/public/wp-content/mu-plugins/src/Roots/Acorn/Assets/Manager.php on line 133
[22-Aug-2022 13:05:44 UTC] PHP Fatal error:  Uncaught Roots\Acorn\Assets\Contracts\ManifestNotFoundException: The manifest [/Users/sohaildangol/Desktop/Projects/Wordpress/wppractice2/app/public/wp-content/themes/sage10/public/entrypoints.json] cannot be found. in /Users/sohaildangol/Desktop/Projects/Wordpress/wppractice2/app/public/wp-content/mu-plugins/src/Roots/Acorn/Assets/Manager.php:133
Stack trace:
#0 /Users/sohaildangol/Desktop/Projects/Wordpress/wppractice2/app/public/wp-content/mu-plugins/src/Roots/Acorn/Assets/Manager.php(102): Roots\Acorn\Assets\Manager->getJsonManifest('/Users/sohailda...')
#1 /Users/sohaildangol/Desktop/Projects/Wordpress/wppractice2/app/public/wp-content/mu-plugins/src/Roots/Acorn/Assets/Manager.php(76): Roots\Acorn\Assets\Manager->resolve('theme', Array)
#2 /Users/sohaildangol/Desktop/Projects/Wordpress/wppractice2/app/public/wp-content/mu-plugins/src/Roots/Acorn/Assets/AssetsServiceProvider.php(22): Roots\Acorn\Assets\Manager->manifest('theme')
#3 /Users/sohaildangol/Desktop/Projects/Wordpress/wppractice2/app/public/wp-c in /Users/sohaildangol/Desktop/Projects/Wordpress/wppractice2/app/public/wp-content/mu-plugins/src/Roots/Acorn/Assets/Manager.php on line 133
[22-Aug-2022 13:05:44 UTC] PHP Fatal error:  Uncaught Roots\Acorn\Assets\Contracts\ManifestNotFoundException: The manifest [/Users/sohaildangol/Desktop/Projects/Wordpress/wppractice2/app/public/wp-content/themes/sage10/public/entrypoints.json] cannot be found. in /Users/sohaildangol/Desktop/Projects/Wordpress/wppractice2/app/public/wp-content/mu-plugins/src/Roots/Acorn/Assets/Manager.php:133
Stack trace:
#0 /Users/sohaildangol/Desktop/Projects/Wordpress/wppractice2/app/public/wp-content/mu-plugins/src/Roots/Acorn/Assets/Manager.php(102): Roots\Acorn\Assets\Manager->getJsonManifest('/Users/sohailda...')
#1 /Users/sohaildangol/Desktop/Projects/Wordpress/wppractice2/app/public/wp-content/mu-plugins/src/Roots/Acorn/Assets/Manager.php(76): Roots\Acorn\Assets\Manager->resolve('theme', Array)
#2 /Users/sohaildangol/Desktop/Projects/Wordpress/wppractice2/app/public/wp-content/mu-plugins/src/Roots/Acorn/Assets/AssetsServiceProvider.php(22): Roots\Acorn\Assets\Manager->manifest('theme')
#3 /Users/sohaildangol/Desktop/Projects/Wordpress/wppractice2/app/public/wp-c in /Users/sohaildangol/Desktop/Projects/Wordpress/wppractice2/app/public/wp-content/mu-plugins/src/Roots/Acorn/Assets/Manager.php on line 133
[22-Aug-2022 13:05:44 UTC] PHP Fatal error:  Uncaught Roots\Acorn\Assets\Contracts\ManifestNotFoundException: The manifest [/Users/sohaildangol/Desktop/Projects/Wordpress/wppractice2/app/public/wp-content/themes/sage10/public/entrypoints.json] cannot be found. in /Users/sohaildangol/Desktop/Projects/Wordpress/wppractice2/app/public/wp-content/mu-plugins/src/Roots/Acorn/Assets/Manager.php:133
Stack trace:
#0 /Users/sohaildangol/Desktop/Projects/Wordpress/wppractice2/app/public/wp-content/mu-plugins/src/Roots/Acorn/Assets/Manager.php(102): Roots\Acorn\Assets\Manager->getJsonManifest('/Users/sohailda...')
#1 /Users/sohaildangol/Desktop/Projects/Wordpress/wppractice2/app/public/wp-content/mu-plugins/src/Roots/Acorn/Assets/Manager.php(76): Roots\Acorn\Assets\Manager->resolve('theme', Array)
#2 /Users/sohaildangol/Desktop/Projects/Wordpress/wppractice2/app/public/wp-content/mu-plugins/src/Roots/Acorn/Assets/AssetsServiceProvider.php(22): Roots\Acorn\Assets\Manager->manifest('theme')
#3 /Users/sohaildangol/Desktop/Projects/Wordpress/wppractice2/app/public/wp-c in /Users/sohaildangol/Desktop/Projects/Wordpress/wppractice2/app/public/wp-content/mu-plugins/src/Roots/Acorn/Assets/Manager.php on line 133
[22-Aug-2022 13:05:45 UTC] PHP Fatal error:  Uncaught Roots\Acorn\Assets\Contracts\ManifestNotFoundException: The manifest [/Users/sohaildangol/Desktop/Projects/Wordpress/wppractice2/app/public/wp-content/themes/sage10/public/entrypoints.json] cannot be found. in /Users/sohaildangol/Desktop/Projects/Wordpress/wppractice2/app/public/wp-content/mu-plugins/src/Roots/Acorn/Assets/Manager.php:133
Stack trace:
#0 /Users/sohaildangol/Desktop/Projects/Wordpress/wppractice2/app/public/wp-content/mu-plugins/src/Roots/Acorn/Assets/Manager.php(102): Roots\Acorn\Assets\Manager->getJsonManifest('/Users/sohailda...')
#1 /Users/sohaildangol/Desktop/Projects/Wordpress/wppractice2/app/public/wp-content/mu-plugins/src/Roots/Acorn/Assets/Manager.php(76): Roots\Acorn\Assets\Manager->resolve('theme', Array)
#2 /Users/sohaildangol/Desktop/Projects/Wordpress/wppractice2/app/public/wp-content/mu-plugins/src/Roots/Acorn/Assets/AssetsServiceProvider.php(22): Roots\Acorn\Assets\Manager->manifest('theme')
#3 /Users/sohaildangol/Desktop/Projects/Wordpress/wppractice2/app/public/wp-c in /Users/sohaildangol/Desktop/Projects/Wordpress/wppractice2/app/public/wp-content/mu-plugins/src/Roots/Acorn/Assets/Manager.php on line 133
[22-Aug-2022 13:05:45 UTC] PHP Fatal error:  Uncaught Roots\Acorn\Assets\Contracts\ManifestNotFoundException: The manifest [/Users/sohaildangol/Desktop/Projects/Wordpress/wppractice2/app/public/wp-content/themes/sage10/public/entrypoints.json] cannot be found. in /Users/sohaildangol/Desktop/Projects/Wordpress/wppractice2/app/public/wp-content/mu-plugins/src/Roots/Acorn/Assets/Manager.php:133
Stack trace:
#0 /Users/sohaildangol/Desktop/Projects/Wordpress/wppractice2/app/public/wp-content/mu-plugins/src/Roots/Acorn/Assets/Manager.php(102): Roots\Acorn\Assets\Manager->getJsonManifest('/Users/sohailda...')
#1 /Users/sohaildangol/Desktop/Projects/Wordpress/wppractice2/app/public/wp-content/mu-plugins/src/Roots/Acorn/Assets/Manager.php(76): Roots\Acorn\Assets\Manager->resolve('theme', Array)
#2 /Users/sohaildangol/Desktop/Projects/Wordpress/wppractice2/app/public/wp-content/mu-plugins/src/Roots/Acorn/Assets/AssetsServiceProvider.php(22): Roots\Acorn\Assets\Manager->manifest('theme')
#3 /Users/sohaildangol/Desktop/Projects/Wordpress/wppractice2/app/public/wp-c in /Users/sohaildangol/Desktop/Projects/Wordpress/wppractice2/app/public/wp-content/mu-plugins/src/Roots/Acorn/Assets/Manager.php on line 133
[22-Aug-2022 13:05:45 UTC] PHP Fatal error:  Uncaught Roots\Acorn\Assets\Contracts\ManifestNotFoundException: The manifest [/Users/sohaildangol/Desktop/Projects/Wordpress/wppractice2/app/public/wp-content/themes/sage10/public/entrypoints.json] cannot be found. in /Users/sohaildangol/Desktop/Projects/Wordpress/wppractice2/app/public/wp-content/mu-plugins/src/Roots/Acorn/Assets/Manager.php:133
Stack trace:
#0 /Users/sohaildangol/Desktop/Projects/Wordpress/wppractice2/app/public/wp-content/mu-plugins/src/Roots/Acorn/Assets/Manager.php(102): Roots\Acorn\Assets\Manager->getJsonManifest('/Users/sohailda...')
#1 /Users/sohaildangol/Desktop/Projects/Wordpress/wppractice2/app/public/wp-content/mu-plugins/src/Roots/Acorn/Assets/Manager.php(76): Roots\Acorn\Assets\Manager->resolve('theme', Array)
#2 /Users/sohaildangol/Desktop/Projects/Wordpress/wppractice2/app/public/wp-content/mu-plugins/src/Roots/Acorn/Assets/AssetsServiceProvider.php(22): Roots\Acorn\Assets\Manager->manifest('theme')
#3 /Users/sohaildangol/Desktop/Projects/Wordpress/wppractice2/app/public/wp-c in /Users/sohaildangol/Desktop/Projects/Wordpress/wppractice2/app/public/wp-content/mu-plugins/src/Roots/Acorn/Assets/Manager.php on line 133
[22-Aug-2022 13:06:14 UTC] PHP Fatal error:  Uncaught Roots\Acorn\Assets\Contracts\ManifestNotFoundException: The manifest [/Users/sohaildangol/Desktop/Projects/Wordpress/wppractice2/app/public/wp-content/themes/sage10/public/entrypoints.json] cannot be found. in /Users/sohaildangol/Desktop/Projects/Wordpress/wppractice2/app/public/wp-content/mu-plugins/src/Roots/Acorn/Assets/Manager.php:133
Stack trace:
#0 /Users/sohaildangol/Desktop/Projects/Wordpress/wppractice2/app/public/wp-content/mu-plugins/src/Roots/Acorn/Assets/Manager.php(102): Roots\Acorn\Assets\Manager->getJsonManifest('/Users/sohailda...')
#1 /Users/sohaildangol/Desktop/Projects/Wordpress/wppractice2/app/public/wp-content/mu-plugins/src/Roots/Acorn/Assets/Manager.php(76): Roots\Acorn\Assets\Manager->resolve('theme', Array)
#2 /Users/sohaildangol/Desktop/Projects/Wordpress/wppractice2/app/public/wp-content/mu-plugins/src/Roots/Acorn/Assets/AssetsServiceProvider.php(22): Roots\Acorn\Assets\Manager->manifest('theme')
#3 /Users/sohaildangol/Desktop/Projects/Wordpress/wppractice2/app/public/wp-c in /Users/sohaildangol/Desktop/Projects/Wordpress/wppractice2/app/public/wp-content/mu-plugins/src/Roots/Acorn/Assets/Manager.php on line 133
[22-Aug-2022 13:06:14 UTC] PHP Fatal error:  Uncaught Roots\Acorn\Assets\Contracts\ManifestNotFoundException: The manifest [/Users/sohaildangol/Desktop/Projects/Wordpress/wppractice2/app/public/wp-content/themes/sage10/public/entrypoints.json] cannot be found. in /Users/sohaildangol/Desktop/Projects/Wordpress/wppractice2/app/public/wp-content/mu-plugins/src/Roots/Acorn/Assets/Manager.php:133
Stack trace:
#0 /Users/sohaildangol/Desktop/Projects/Wordpress/wppractice2/app/public/wp-content/mu-plugins/src/Roots/Acorn/Assets/Manager.php(102): Roots\Acorn\Assets\Manager->getJsonManifest('/Users/sohailda...')
#1 /Users/sohaildangol/Desktop/Projects/Wordpress/wppractice2/app/public/wp-content/mu-plugins/src/Roots/Acorn/Assets/Manager.php(76): Roots\Acorn\Assets\Manager->resolve('theme', Array)
#2 /Users/sohaildangol/Desktop/Projects/Wordpress/wppractice2/app/public/wp-content/mu-plugins/src/Roots/Acorn/Assets/AssetsServiceProvider.php(22): Roots\Acorn\Assets\Manager->manifest('theme')
#3 /Users/sohaildangol/Desktop/Projects/Wordpress/wppractice2/app/public/wp-c in /Users/sohaildangol/Desktop/Projects/Wordpress/wppractice2/app/public/wp-content/mu-plugins/src/Roots/Acorn/Assets/Manager.php on line 133
[22-Aug-2022 13:06:15 UTC] PHP Fatal error:  Uncaught Roots\Acorn\Assets\Contracts\ManifestNotFoundException: The manifest [/Users/sohaildangol/Desktop/Projects/Wordpress/wppractice2/app/public/wp-content/themes/sage10/public/entrypoints.json] cannot be found. in /Users/sohaildangol/Desktop/Projects/Wordpress/wppractice2/app/public/wp-content/mu-plugins/src/Roots/Acorn/Assets/Manager.php:133
Stack trace:
#0 /Users/sohaildangol/Desktop/Projects/Wordpress/wppractice2/app/public/wp-content/mu-plugins/src/Roots/Acorn/Assets/Manager.php(102): Roots\Acorn\Assets\Manager->getJsonManifest('/Users/sohailda...')
#1 /Users/sohaildangol/Desktop/Projects/Wordpress/wppractice2/app/public/wp-content/mu-plugins/src/Roots/Acorn/Assets/Manager.php(76): Roots\Acorn\Assets\Manager->resolve('theme', Array)
#2 /Users/sohaildangol/Desktop/Projects/Wordpress/wppractice2/app/public/wp-content/mu-plugins/src/Roots/Acorn/Assets/AssetsServiceProvider.php(22): Roots\Acorn\Assets\Manager->manifest('theme')
#3 /Users/sohaildangol/Desktop/Projects/Wordpress/wppractice2/app/public/wp-c in /Users/sohaildangol/Desktop/Projects/Wordpress/wppractice2/app/public/wp-content/mu-plugins/src/Roots/Acorn/Assets/Manager.php on line 133
[22-Aug-2022 13:06:15 UTC] PHP Fatal error:  Uncaught Roots\Acorn\Assets\Contracts\ManifestNotFoundException: The manifest [/Users/sohaildangol/Desktop/Projects/Wordpress/wppractice2/app/public/wp-content/themes/sage10/public/entrypoints.json] cannot be found. in /Users/sohaildangol/Desktop/Projects/Wordpress/wppractice2/app/public/wp-content/mu-plugins/src/Roots/Acorn/Assets/Manager.php:133
Stack trace:
#0 /Users/sohaildangol/Desktop/Projects/Wordpress/wppractice2/app/public/wp-content/mu-plugins/src/Roots/Acorn/Assets/Manager.php(102): Roots\Acorn\Assets\Manager->getJsonManifest('/Users/sohailda...')
#1 /Users/sohaildangol/Desktop/Projects/Wordpress/wppractice2/app/public/wp-content/mu-plugins/src/Roots/Acorn/Assets/Manager.php(76): Roots\Acorn\Assets\Manager->resolve('theme', Array)
#2 /Users/sohaildangol/Desktop/Projects/Wordpress/wppractice2/app/public/wp-content/mu-plugins/src/Roots/Acorn/Assets/AssetsServiceProvider.php(22): Roots\Acorn\Assets\Manager->manifest('theme')
#3 /Users/sohaildangol/Desktop/Projects/Wordpress/wppractice2/app/public/wp-c in /Users/sohaildangol/Desktop/Projects/Wordpress/wppractice2/app/public/wp-content/mu-plugins/src/Roots/Acorn/Assets/Manager.php on line 133
[22-Aug-2022 13:06:15 UTC] PHP Fatal error:  Uncaught Roots\Acorn\Assets\Contracts\ManifestNotFoundException: The manifest [/Users/sohaildangol/Desktop/Projects/Wordpress/wppractice2/app/public/wp-content/themes/sage10/public/entrypoints.json] cannot be found. in /Users/sohaildangol/Desktop/Projects/Wordpress/wppractice2/app/public/wp-content/mu-plugins/src/Roots/Acorn/Assets/Manager.php:133
Stack trace:
#0 /Users/sohaildangol/Desktop/Projects/Wordpress/wppractice2/app/public/wp-content/mu-plugins/src/Roots/Acorn/Assets/Manager.php(102): Roots\Acorn\Assets\Manager->getJsonManifest('/Users/sohailda...')
#1 /Users/sohaildangol/Desktop/Projects/Wordpress/wppractice2/app/public/wp-content/mu-plugins/src/Roots/Acorn/Assets/Manager.php(76): Roots\Acorn\Assets\Manager->resolve('theme', Array)
#2 /Users/sohaildangol/Desktop/Projects/Wordpress/wppractice2/app/public/wp-content/mu-plugins/src/Roots/Acorn/Assets/AssetsServiceProvider.php(22): Roots\Acorn\Assets\Manager->manifest('theme')
#3 /Users/sohaildangol/Desktop/Projects/Wordpress/wppractice2/app/public/wp-c in /Users/sohaildangol/Desktop/Projects/Wordpress/wppractice2/app/public/wp-content/mu-plugins/src/Roots/Acorn/Assets/Manager.php on line 133
[22-Aug-2022 13:06:15 UTC] PHP Fatal error:  Uncaught Roots\Acorn\Assets\Contracts\ManifestNotFoundException: The manifest [/Users/sohaildangol/Desktop/Projects/Wordpress/wppractice2/app/public/wp-content/themes/sage10/public/entrypoints.json] cannot be found. in /Users/sohaildangol/Desktop/Projects/Wordpress/wppractice2/app/public/wp-content/mu-plugins/src/Roots/Acorn/Assets/Manager.php:133
Stack trace:
#0 /Users/sohaildangol/Desktop/Projects/Wordpress/wppractice2/app/public/wp-content/mu-plugins/src/Roots/Acorn/Assets/Manager.php(102): Roots\Acorn\Assets\Manager->getJsonManifest('/Users/sohailda...')
#1 /Users/sohaildangol/Desktop/Projects/Wordpress/wppractice2/app/public/wp-content/mu-plugins/src/Roots/Acorn/Assets/Manager.php(76): Roots\Acorn\Assets\Manager->resolve('theme', Array)
#2 /Users/sohaildangol/Desktop/Projects/Wordpress/wppractice2/app/public/wp-content/mu-plugins/src/Roots/Acorn/Assets/AssetsServiceProvider.php(22): Roots\Acorn\Assets\Manager->manifest('theme')
#3 /Users/sohaildangol/Desktop/Projects/Wordpress/wppractice2/app/public/wp-c in /Users/sohaildangol/Desktop/Projects/Wordpress/wppractice2/app/public/wp-content/mu-plugins/src/Roots/Acorn/Assets/Manager.php on line 133
[22-Aug-2022 13:06:16 UTC] PHP Fatal error:  Uncaught Roots\Acorn\Assets\Contracts\ManifestNotFoundException: The manifest [/Users/sohaildangol/Desktop/Projects/Wordpress/wppractice2/app/public/wp-content/themes/sage10/public/entrypoints.json] cannot be found. in /Users/sohaildangol/Desktop/Projects/Wordpress/wppractice2/app/public/wp-content/mu-plugins/src/Roots/Acorn/Assets/Manager.php:133
Stack trace:
#0 /Users/sohaildangol/Desktop/Projects/Wordpress/wppractice2/app/public/wp-content/mu-plugins/src/Roots/Acorn/Assets/Manager.php(102): Roots\Acorn\Assets\Manager->getJsonManifest('/Users/sohailda...')
#1 /Users/sohaildangol/Desktop/Projects/Wordpress/wppractice2/app/public/wp-content/mu-plugins/src/Roots/Acorn/Assets/Manager.php(76): Roots\Acorn\Assets\Manager->resolve('theme', Array)
#2 /Users/sohaildangol/Desktop/Projects/Wordpress/wppractice2/app/public/wp-content/mu-plugins/src/Roots/Acorn/Assets/AssetsServiceProvider.php(22): Roots\Acorn\Assets\Manager->manifest('theme')
#3 /Users/sohaildangol/Desktop/Projects/Wordpress/wppractice2/app/public/wp-c in /Users/sohaildangol/Desktop/Projects/Wordpress/wppractice2/app/public/wp-content/mu-plugins/src/Roots/Acorn/Assets/Manager.php on line 133
